2021-04-11 11:17:51,854 DEBUG    root            Loaded Command Group: ['gcloud', 'compute']
2021-04-11 11:17:51,866 DEBUG    root            Loaded Command Group: ['gcloud', 'compute', 'machine_types']
2021-04-11 11:17:51,887 DEBUG    root            Loaded Command Group: ['gcloud', 'compute', 'machine-types', 'describe']
2021-04-11 11:17:51,893 DEBUG    root            Running [gcloud.compute.machine-types.describe] with arguments: [--zone: "projects/445610630823/zones/us-west1-b", NAME: "n1-standard-2"]
2021-04-11 11:17:51,944 DEBUG    google.auth.transport.requests Making request: GET http://metadata.google.internal/computeMetadata/v1/instance/service-accounts/445610630823-compute@developer.gserviceaccount.com/?recursive=true
2021-04-11 11:17:51,956 DEBUG    urllib3.connectionpool Starting new HTTP connection (1): metadata.google.internal:80
2021-04-11 11:17:51,959 DEBUG    urllib3.connectionpool http://metadata.google.internal:80 "GET /computeMetadata/v1/instance/service-accounts/445610630823-compute@developer.gserviceaccount.com/?recursive=true HTTP/1.1" 200 155
2021-04-11 11:17:51,961 DEBUG    google.auth.transport.requests Making request: GET http://metadata.google.internal/computeMetadata/v1/instance/service-accounts/445610630823-compute@developer.gserviceaccount.com/token
2021-04-11 11:17:51,972 DEBUG    urllib3.connectionpool http://metadata.google.internal:80 "GET /computeMetadata/v1/instance/service-accounts/445610630823-compute@developer.gserviceaccount.com/token HTTP/1.1" 200 251
2021-04-11 11:17:51,992 DEBUG    google.auth.transport.requests Making request: GET http://metadata.google.internal/computeMetadata/v1/instance/service-accounts/445610630823-compute@developer.gserviceaccount.com/?recursive=true
2021-04-11 11:17:51,995 DEBUG    urllib3.connectionpool Starting new HTTP connection (1): metadata.google.internal:80
2021-04-11 11:17:52,004 DEBUG    urllib3.connectionpool http://metadata.google.internal:80 "GET /computeMetadata/v1/instance/service-accounts/445610630823-compute@developer.gserviceaccount.com/?recursive=true HTTP/1.1" 200 155
2021-04-11 11:17:52,006 DEBUG    google.auth.transport.requests Making request: GET http://metadata.google.internal/computeMetadata/v1/instance/service-accounts/445610630823-compute@developer.gserviceaccount.com/token
2021-04-11 11:17:52,010 DEBUG    urllib3.connectionpool http://metadata.google.internal:80 "GET /computeMetadata/v1/instance/service-accounts/445610630823-compute@developer.gserviceaccount.com/token HTTP/1.1" 200 251
2021-04-11 11:17:52,356 DEBUG    urllib3.connectionpool Starting new HTTPS connection (1): compute.googleapis.com:443
2021-04-11 11:17:52,688 DEBUG    urllib3.connectionpool https://compute.googleapis.com:443 "POST /batch/compute/v1 HTTP/1.1" 200 None
2021-04-11 11:17:52,692 INFO     root            Display format: "default"
2021-04-11 11:17:52,929 INFO     ___FILE_ONLY___ creationTimestamp
2021-04-11 11:17:52,933 INFO     ___FILE_ONLY___ :
2021-04-11 11:17:52,933 INFO     ___FILE_ONLY___  '
2021-04-11 11:17:52,933 INFO     ___FILE_ONLY___ 1969-12-31T16:00:00.000-08:00
2021-04-11 11:17:52,933 INFO     ___FILE_ONLY___ '
2021-04-11 11:17:52,934 INFO     ___FILE_ONLY___ 

2021-04-11 11:17:52,934 INFO     ___FILE_ONLY___ description
2021-04-11 11:17:52,934 INFO     ___FILE_ONLY___ :
2021-04-11 11:17:52,934 INFO     ___FILE_ONLY___  
2021-04-11 11:17:52,935 INFO     ___FILE_ONLY___ 2
2021-04-11 11:17:52,942 INFO     ___FILE_ONLY___  
2021-04-11 11:17:52,942 INFO     ___FILE_ONLY___ vCPUs,
2021-04-11 11:17:52,942 INFO     ___FILE_ONLY___  
2021-04-11 11:17:52,942 INFO     ___FILE_ONLY___ 7.5
2021-04-11 11:17:52,942 INFO     ___FILE_ONLY___  
2021-04-11 11:17:52,942 INFO     ___FILE_ONLY___ GB
2021-04-11 11:17:52,943 INFO     ___FILE_ONLY___  
2021-04-11 11:17:52,943 INFO     ___FILE_ONLY___ RAM
2021-04-11 11:17:52,943 INFO     ___FILE_ONLY___ 

2021-04-11 11:17:52,943 INFO     ___FILE_ONLY___ guestCpus
2021-04-11 11:17:52,943 INFO     ___FILE_ONLY___ :
2021-04-11 11:17:52,944 INFO     ___FILE_ONLY___  
2021-04-11 11:17:52,944 INFO     ___FILE_ONLY___ 2
2021-04-11 11:17:52,944 INFO     ___FILE_ONLY___ 

2021-04-11 11:17:52,944 INFO     ___FILE_ONLY___ id
2021-04-11 11:17:52,944 INFO     ___FILE_ONLY___ :
2021-04-11 11:17:52,945 INFO     ___FILE_ONLY___  '
2021-04-11 11:17:52,945 INFO     ___FILE_ONLY___ 3002
2021-04-11 11:17:52,945 INFO     ___FILE_ONLY___ '
2021-04-11 11:17:52,945 INFO     ___FILE_ONLY___ 

2021-04-11 11:17:52,945 INFO     ___FILE_ONLY___ imageSpaceGb
2021-04-11 11:17:52,945 INFO     ___FILE_ONLY___ :
2021-04-11 11:17:52,945 INFO     ___FILE_ONLY___  
2021-04-11 11:17:52,946 INFO     ___FILE_ONLY___ 10
2021-04-11 11:17:52,946 INFO     ___FILE_ONLY___ 

2021-04-11 11:17:52,946 INFO     ___FILE_ONLY___ isSharedCpu
2021-04-11 11:17:52,947 INFO     ___FILE_ONLY___ :
2021-04-11 11:17:52,950 INFO     ___FILE_ONLY___  
2021-04-11 11:17:52,950 INFO     ___FILE_ONLY___ false
2021-04-11 11:17:52,951 INFO     ___FILE_ONLY___ 

2021-04-11 11:17:52,951 INFO     ___FILE_ONLY___ kind
2021-04-11 11:17:52,951 INFO     ___FILE_ONLY___ :
2021-04-11 11:17:52,951 INFO     ___FILE_ONLY___  
2021-04-11 11:17:52,952 INFO     ___FILE_ONLY___ compute#machineType
2021-04-11 11:17:52,952 INFO     ___FILE_ONLY___ 

2021-04-11 11:17:52,952 INFO     ___FILE_ONLY___ maximumPersistentDisks
2021-04-11 11:17:52,952 INFO     ___FILE_ONLY___ :
2021-04-11 11:17:52,953 INFO     ___FILE_ONLY___  
2021-04-11 11:17:52,953 INFO     ___FILE_ONLY___ 128
2021-04-11 11:17:52,953 INFO     ___FILE_ONLY___ 

2021-04-11 11:17:52,953 INFO     ___FILE_ONLY___ maximumPersistentDisksSizeGb
2021-04-11 11:17:52,954 INFO     ___FILE_ONLY___ :
2021-04-11 11:17:52,954 INFO     ___FILE_ONLY___  '
2021-04-11 11:17:52,954 INFO     ___FILE_ONLY___ 263168
2021-04-11 11:17:52,954 INFO     ___FILE_ONLY___ '
2021-04-11 11:17:52,954 INFO     ___FILE_ONLY___ 

2021-04-11 11:17:52,954 INFO     ___FILE_ONLY___ memoryMb
2021-04-11 11:17:52,955 INFO     ___FILE_ONLY___ :
2021-04-11 11:17:52,955 INFO     ___FILE_ONLY___  
2021-04-11 11:17:52,955 INFO     ___FILE_ONLY___ 7680
2021-04-11 11:17:52,955 INFO     ___FILE_ONLY___ 

2021-04-11 11:17:52,956 INFO     ___FILE_ONLY___ name
2021-04-11 11:17:52,956 INFO     ___FILE_ONLY___ :
2021-04-11 11:17:52,956 INFO     ___FILE_ONLY___  
2021-04-11 11:17:52,956 INFO     ___FILE_ONLY___ n1-standard-2
2021-04-11 11:17:52,956 INFO     ___FILE_ONLY___ 

2021-04-11 11:17:52,957 INFO     ___FILE_ONLY___ selfLink
2021-04-11 11:17:52,957 INFO     ___FILE_ONLY___ :
2021-04-11 11:17:52,957 INFO     ___FILE_ONLY___  
2021-04-11 11:17:52,957 INFO     ___FILE_ONLY___ https://www.googleapis.com/compute/v1/projects/encoded-zoo-306513/zones/us-west1-b/machineTypes/n1-standard-2
2021-04-11 11:17:52,958 INFO     ___FILE_ONLY___ 

2021-04-11 11:17:52,958 INFO     ___FILE_ONLY___ zone
2021-04-11 11:17:52,958 INFO     ___FILE_ONLY___ :
2021-04-11 11:17:52,958 INFO     ___FILE_ONLY___  
2021-04-11 11:17:52,958 INFO     ___FILE_ONLY___ us-west1-b
2021-04-11 11:17:52,959 INFO     ___FILE_ONLY___ 

2021-04-11 11:17:52,959 DEBUG    root            SDK update checks are disabled.
